<?xml version="1.0" encoding="UTF-8"?>
<!-- Generated by org.testng.reporters.JUnitXMLReporter -->
<testsuite ignored="0" hostname="BSC-PG01M1L5" failures="2" tests="7" name="Command line test" time="48.526" errors="0" timestamp="2020-09-03T16:44:59 IST">
  <testcase classname="com.deque.AllegisAccessibilityTest" name="@AfterClass createHtmlXmlReports" time="0.0">
    <failure type="java.io.IOException" message="Cannot run program &amp;quot;D:\Personal_Project\attest-java-testNG\src\test\resources\attest-reporter-macos&amp;quot;: CreateProcess error=193, %1 is not a valid Win32 application">
      <![CDATA[java.io.IOException: Cannot run program "D:\Personal_Project\attest-java-testNG\src\test\resources\attest-reporter-macos": CreateProcess error=193, %1 is not a valid Win32 application
at java.base/java.lang.ProcessBuilder.start(ProcessBuilder.java:1128)
at java.base/java.lang.ProcessBuilder.start(ProcessBuilder.java:1071)
at java.base/java.lang.Runtime.exec(Runtime.java:589)
at java.base/java.lang.Runtime.exec(Runtime.java:413)
at java.base/java.lang.Runtime.exec(Runtime.java:310)
at com.deque.AllegisAccessibilityTest.createHtmlXmlReports(AllegisAccessibilityTest.java:62)
at java.base/java.util.ArrayList.forEach(ArrayList.java:1540)
Caused by: java.io.IOException: CreateProcess error=193, %1 is not a valid Win32 application
at java.base/java.lang.ProcessImpl.create(Native Method)
at java.base/java.lang.ProcessImpl.<init>(ProcessImpl.java:478)
at java.base/java.lang.ProcessImpl.start(ProcessImpl.java:154)
at java.base/java.lang.ProcessBuilder.start(ProcessBuilder.java:1107)
... 41 more
... Removed 35 stack frames]]>
    </failure>
  </testcase> <!-- @AfterClass createHtmlXmlReports -->
  <testcase classname="com.deque.AttestCustomConfigTest" name="@AfterClass createHtmlXmlReports" time="0.0">
    <failure type="java.io.IOException" message="Cannot run program &amp;quot;D:\Personal_Project\attest-java-testNG\src\test\resources\attest-reporter-macos&amp;quot;: CreateProcess error=193, %1 is not a valid Win32 application">
      <![CDATA[java.io.IOException: Cannot run program "D:\Personal_Project\attest-java-testNG\src\test\resources\attest-reporter-macos": CreateProcess error=193, %1 is not a valid Win32 application
at java.base/java.lang.ProcessBuilder.start(ProcessBuilder.java:1128)
at java.base/java.lang.ProcessBuilder.start(ProcessBuilder.java:1071)
at java.base/java.lang.Runtime.exec(Runtime.java:589)
at java.base/java.lang.Runtime.exec(Runtime.java:413)
at java.base/java.lang.Runtime.exec(Runtime.java:310)
at com.deque.AttestCustomConfigTest.createHtmlXmlReports(AttestCustomConfigTest.java:58)
at java.base/java.util.ArrayList.forEach(ArrayList.java:1540)
Caused by: java.io.IOException: CreateProcess error=193, %1 is not a valid Win32 application
at java.base/java.lang.ProcessImpl.create(Native Method)
at java.base/java.lang.ProcessImpl.<init>(ProcessImpl.java:478)
at java.base/java.lang.ProcessImpl.start(ProcessImpl.java:154)
at java.base/java.lang.ProcessBuilder.start(ProcessBuilder.java:1107)
... 41 more
... Removed 35 stack frames]]>
    </failure>
  </testcase> <!-- @AfterClass createHtmlXmlReports -->
  <testcase classname="com.deque.AllegisAccessibilityTest" name="@AfterTest tearDown" time="-1.599131699605E9">
    <skipped/>
  </testcase> <!-- @AfterTest tearDown -->
  <testcase classname="com.deque.AllegisFullTest" name="@AfterTest tearDown" time="-1.599131699605E9">
    <skipped/>
  </testcase> <!-- @AfterTest tearDown -->
  <testcase classname="com.deque.ApplicationFullTest" name="@AfterTest tearDown" time="-1.599131699605E9">
    <skipped/>
  </testcase> <!-- @AfterTest tearDown -->
  <testcase classname="com.deque.AttestCustomConfigTest" name="@AfterTest tearDown" time="-1.599131699605E9">
    <skipped/>
  </testcase> <!-- @AfterTest tearDown -->
  <testcase classname="com.deque.AllegisAccessibilityTest" name="auditHomePageForAccessibility" time="1.208"/>
  <testcase classname="com.deque.AllegisFullTest" name="getAllViolations" time="4.055">
    <failure type="org.openqa.selenium.WebDriverException" message="chrome not reachable
  (Session info: chrome=85.0.4183.83)
Build info: version: &amp;apos;3.8.1&amp;apos;, revision: &amp;apos;6e95a6684b&amp;apos;, time: &amp;apos;2017-12-01T18:33:54.468Z&amp;apos;
System info: host: &amp;apos;BSC-PG01M1L5&amp;apos;, ip: &amp;apos;192.168.43.4&amp;apos;, os.name: &amp;apos;Windows 10&amp;apos;, os.arch: &amp;apos;amd64&amp;apos;, os.version: &amp;apos;10.0&amp;apos;, java.version: &amp;apos;11.0.7&amp;apos;
Driver info: org.openqa.selenium.chrome.ChromeDriver
Capabilities {acceptInsecureCerts: false, browserName: chrome, browserVersion: 85.0.4183.83, chrome: {chromedriverVersion: 85.0.4183.87 (cd6713ebf92fa..., userDataDir: C:\Users\ASIKAR~1\AppData\L...}, goog:chromeOptions: {debuggerAddress: localhost:62909}, javascriptEnabled: true, networkConnectionEnabled: false, pageLoadStrategy: normal, platform: WINDOWS, platformName: WINDOWS, proxy: Proxy(), setWindowRect: true, strictFileInteractability: false, timeouts: {implicit: 0, pageLoad: 300000, script: 30000}, unhandledPromptBehavior: dismiss and notify, webauthn:virtualAuthenticators: true}
Session ID: 0f7ba9c41edd1dd044f4c2a77f219538">
      <![CDATA[org.openqa.selenium.WebDriverException: chrome not reachable
  (Session info: chrome=85.0.4183.83)
Build info: version: '3.8.1', revision: '6e95a6684b', time: '2017-12-01T18:33:54.468Z'
System info: host: 'BSC-PG01M1L5', ip: '192.168.43.4', os.name: 'Windows 10', os.arch: 'amd64', os.version: '10.0', java.version: '11.0.7'
Driver info: org.openqa.selenium.chrome.ChromeDriver
Capabilities {acceptInsecureCerts: false, browserName: chrome, browserVersion: 85.0.4183.83, chrome: {chromedriverVersion: 85.0.4183.87 (cd6713ebf92fa..., userDataDir: C:\Users\ASIKAR~1\AppData\L...}, goog:chromeOptions: {debuggerAddress: localhost:62909}, javascriptEnabled: true, networkConnectionEnabled: false, pageLoadStrategy: normal, platform: WINDOWS, platformName: WINDOWS, proxy: Proxy(), setWindowRect: true, strictFileInteractability: false, timeouts: {implicit: 0, pageLoad: 300000, script: 30000}, unhandledPromptBehavior: dismiss and notify, webauthn:virtualAuthenticators: true}
Session ID: 0f7ba9c41edd1dd044f4c2a77f219538
at org.openqa.selenium.remote.http.W3CHttpResponseCodec.createException(W3CHttpResponseCodec.java:187)
at org.openqa.selenium.remote.http.W3CHttpResponseCodec.decode(W3CHttpResponseCodec.java:122)
at org.openqa.selenium.remote.http.W3CHttpResponseCodec.decode(W3CHttpResponseCodec.java:49)
at org.openqa.selenium.remote.HttpCommandExecutor.execute(HttpCommandExecutor.java:164)
at org.openqa.selenium.remote.service.DriverCommandExecutor.execute(DriverCommandExecutor.java:83)
at org.openqa.selenium.remote.RemoteWebDriver.execute(RemoteWebDriver.java:601)
at org.openqa.selenium.remote.RemoteWebDriver.get(RemoteWebDriver.java:325)
at com.deque.AllegisFullTest.getAllViolations(AllegisFullTest.java:58)
at java.base/java.util.ArrayList.forEach(ArrayList.java:1540)
... Removed 41 stack frames]]>
    </failure>
  </testcase> <!-- getAllViolations -->
  <testcase classname="com.deque.ApplicationFullTest" name="auditTestPageForAccessibility" time="4.03">
    <failure type="org.openqa.selenium.WebDriverException" message="chrome not reachable
  (Session info: chrome=85.0.4183.83)
Build info: version: &amp;apos;3.8.1&amp;apos;, revision: &amp;apos;6e95a6684b&amp;apos;, time: &amp;apos;2017-12-01T18:33:54.468Z&amp;apos;
System info: host: &amp;apos;BSC-PG01M1L5&amp;apos;, ip: &amp;apos;192.168.43.4&amp;apos;, os.name: &amp;apos;Windows 10&amp;apos;, os.arch: &amp;apos;amd64&amp;apos;, os.version: &amp;apos;10.0&amp;apos;, java.version: &amp;apos;11.0.7&amp;apos;
Driver info: org.openqa.selenium.chrome.ChromeDriver
Capabilities {acceptInsecureCerts: false, browserName: chrome, browserVersion: 85.0.4183.83, chrome: {chromedriverVersion: 85.0.4183.87 (cd6713ebf92fa..., userDataDir: C:\Users\ASIKAR~1\AppData\L...}, goog:chromeOptions: {debuggerAddress: localhost:62923}, javascriptEnabled: true, networkConnectionEnabled: false, pageLoadStrategy: normal, platform: WINDOWS, platformName: WINDOWS, proxy: Proxy(), setWindowRect: true, strictFileInteractability: false, timeouts: {implicit: 0, pageLoad: 300000, script: 30000}, unhandledPromptBehavior: dismiss and notify, webauthn:virtualAuthenticators: true}
Session ID: 3343d4d3f4fead58104fc59f9bbabb57">
      <![CDATA[org.openqa.selenium.WebDriverException: chrome not reachable
  (Session info: chrome=85.0.4183.83)
Build info: version: '3.8.1', revision: '6e95a6684b', time: '2017-12-01T18:33:54.468Z'
System info: host: 'BSC-PG01M1L5', ip: '192.168.43.4', os.name: 'Windows 10', os.arch: 'amd64', os.version: '10.0', java.version: '11.0.7'
Driver info: org.openqa.selenium.chrome.ChromeDriver
Capabilities {acceptInsecureCerts: false, browserName: chrome, browserVersion: 85.0.4183.83, chrome: {chromedriverVersion: 85.0.4183.87 (cd6713ebf92fa..., userDataDir: C:\Users\ASIKAR~1\AppData\L...}, goog:chromeOptions: {debuggerAddress: localhost:62923}, javascriptEnabled: true, networkConnectionEnabled: false, pageLoadStrategy: normal, platform: WINDOWS, platformName: WINDOWS, proxy: Proxy(), setWindowRect: true, strictFileInteractability: false, timeouts: {implicit: 0, pageLoad: 300000, script: 30000}, unhandledPromptBehavior: dismiss and notify, webauthn:virtualAuthenticators: true}
Session ID: 3343d4d3f4fead58104fc59f9bbabb57
at org.openqa.selenium.remote.http.W3CHttpResponseCodec.createException(W3CHttpResponseCodec.java:187)
at org.openqa.selenium.remote.http.W3CHttpResponseCodec.decode(W3CHttpResponseCodec.java:122)
at org.openqa.selenium.remote.http.W3CHttpResponseCodec.decode(W3CHttpResponseCodec.java:49)
at org.openqa.selenium.remote.HttpCommandExecutor.execute(HttpCommandExecutor.java:164)
at org.openqa.selenium.remote.service.DriverCommandExecutor.execute(DriverCommandExecutor.java:83)
at org.openqa.selenium.remote.RemoteWebDriver.execute(RemoteWebDriver.java:601)
at org.openqa.selenium.remote.RemoteWebDriver.get(RemoteWebDriver.java:325)
at com.deque.ApplicationFullTest.auditTestPageForAccessibility(ApplicationFullTest.java:57)
at java.base/java.util.ArrayList.forEach(ArrayList.java:1540)
... Removed 41 stack frames]]>
    </failure>
  </testcase> <!-- auditTestPageForAccessibility -->
  <testcase classname="com.deque.AttestCustomConfigTest" name="auditHomePageForAccessibility" time="0.384"/>
  <testcase classname="com.deque.AttestCustomConfigTest" name="auditHomePageWithCertainChecks" time="0.242"/>
  <testcase classname="com.deque.AttestCustomConfigTest" name="auditHomePageWithExclusions" time="0.313"/>
  <testcase classname="com.deque.AttestCustomConfigTest" name="auditHomePageWithOptions" time="0.304"/>
</testsuite> <!-- Command line test -->
