<!DOCTYPE html PUBLIC "-//W3C//DTD XHTML 1.1//EN" "http://www.w3.org/TR/xhtml11/DTD/xhtml11.dtd">
<html xmlns="http://www.w3.org/1999/xhtml">
<head>
<meta http-equiv="content-type" content="text/html; charset=UTF-8"/>
<title>TestNG Report</title>
<style type="text/css">table {margin-bottom:10px;border-collapse:collapse;empty-cells:show}th,td {border:1px solid #009;padding:.25em .5em}th {vertical-align:bottom}td {vertical-align:top}table a {font-weight:bold}.stripe td {background-color: #E6EBF9}.num {text-align:right}.passedodd td {background-color: #3F3}.passedeven td {background-color: #0A0}.skippedodd td {background-color: #DDD}.skippedeven td {background-color: #CCC}.failedodd td,.attn {background-color: #F33}.failedeven td,.stripe .attn {background-color: #D00}.stacktrace {white-space:pre;font-family:monospace}.totop {font-size:85%;text-align:center;border-bottom:2px solid #000}.invisible {display:none}</style>
</head>
<body>
<table>
<tr><th>Test</th><th># Passed</th><th># Skipped</th><th># Retried</th><th># Failed</th><th>Time (ms)</th><th>Included Groups</th><th>Excluded Groups</th></tr>
<tr><th colspan="8">Command line suite</th></tr>
<tr><td><a href="#t0">Command line test</a></td><td class="num">5</td><td class="num">0</td><td class="num">0</td><td class="num attn">2</td><td class="num">48,526</td><td></td><td></td></tr>
</table>
<table id='summary'><thead><tr><th>Class</th><th>Method</th><th>Start</th><th>Time (ms)</th></tr></thead><tbody><tr><th colspan="4">Command line suite</th></tr></tbody><tbody id="t0"><tr><th colspan="4">Command line test &#8212; failed (configuration methods)</th></tr><tr class="failedeven"><td rowspan="1">com.deque.AllegisAccessibilityTest</td><td><a href="#m0">createHtmlXmlReports</a></td><td rowspan="1">1599131690249</td><td rowspan="1">0</td></tr><tr class="failedodd"><td rowspan="1">com.deque.AttestCustomConfigTest</td><td><a href="#m1">createHtmlXmlReports</a></td><td rowspan="1">1599131699601</td><td rowspan="1">0</td></tr><tr><th colspan="4">Command line test &#8212; failed</th></tr><tr class="failedeven"><td rowspan="1">com.deque.AllegisFullTest</td><td><a href="#m2">getAllViolations</a></td><td rowspan="1">1599131690265</td><td rowspan="1">4055</td></tr><tr class="failedodd"><td rowspan="1">com.deque.ApplicationFullTest</td><td><a href="#m3">auditTestPageForAccessibility</a></td><td rowspan="1">1599131694324</td><td rowspan="1">4030</td></tr><tr><th colspan="4">Command line test &#8212; skipped (configuration methods)</th></tr><tr class="skippedeven"><td rowspan="1">com.deque.AllegisAccessibilityTest</td><td><a href="#m4">tearDown</a></td><td rowspan="1">1599131699605</td><td rowspan="1">-1599131699605</td></tr><tr class="skippedodd"><td rowspan="1">com.deque.AllegisFullTest</td><td><a href="#m5">tearDown</a></td><td rowspan="1">1599131699605</td><td rowspan="1">-1599131699605</td></tr><tr class="skippedeven"><td rowspan="1">com.deque.ApplicationFullTest</td><td><a href="#m6">tearDown</a></td><td rowspan="1">1599131699605</td><td rowspan="1">-1599131699605</td></tr><tr class="skippedodd"><td rowspan="1">com.deque.AttestCustomConfigTest</td><td><a href="#m7">tearDown</a></td><td rowspan="1">1599131699605</td><td rowspan="1">-1599131699605</td></tr><tr><th colspan="4">Command line test &#8212; passed</th></tr><tr class="passedeven"><td rowspan="1">com.deque.AllegisAccessibilityTest</td><td><a href="#m8">auditHomePageForAccessibility</a></td><td rowspan="1">1599131689037</td><td rowspan="1">1208</td></tr><tr class="passedodd"><td rowspan="4">com.deque.AttestCustomConfigTest</td><td><a href="#m9">auditHomePageForAccessibility</a></td><td rowspan="1">1599131698354</td><td rowspan="1">384</td></tr><tr class="passedodd"><td><a href="#m10">auditHomePageWithCertainChecks</a></td><td rowspan="1">1599131698742</td><td rowspan="1">242</td></tr><tr class="passedodd"><td><a href="#m11">auditHomePageWithExclusions</a></td><td rowspan="1">1599131698984</td><td rowspan="1">313</td></tr><tr class="passedodd"><td><a href="#m12">auditHomePageWithOptions</a></td><td rowspan="1">1599131699297</td><td rowspan="1">304</td></tr></tbody>
</table>
<h2>Command line test</h2><h3 id="m0">com.deque.AllegisAccessibilityTest#createHtmlXmlReports</h3><table class="result"><tr><th>Exception</th></tr><tr><td><div class="stacktrace">java.io.IOException: Cannot run program &quot;D:\Personal_Project\attest-java-testNG\src\test\resources\attest-reporter-macos&quot;: CreateProcess error=193, %1 is not a valid Win32 application
	at java.base/java.lang.ProcessBuilder.start(ProcessBuilder.java:1128)
	at java.base/java.lang.ProcessBuilder.start(ProcessBuilder.java:1071)
	at java.base/java.lang.Runtime.exec(Runtime.java:589)
	at java.base/java.lang.Runtime.exec(Runtime.java:413)
	at java.base/java.lang.Runtime.exec(Runtime.java:310)
	at com.deque.AllegisAccessibilityTest.createHtmlXmlReports(AllegisAccessibilityTest.java:62)
	at java.base/java.util.ArrayList.forEach(ArrayList.java:1540)
Caused by: java.io.IOException: CreateProcess error=193, %1 is not a valid Win32 application
	at java.base/java.lang.ProcessImpl.create(Native Method)
	at java.base/java.lang.ProcessImpl.&lt;init&gt;(ProcessImpl.java:478)
	at java.base/java.lang.ProcessImpl.start(ProcessImpl.java:154)
	at java.base/java.lang.ProcessBuilder.start(ProcessBuilder.java:1107)
	... 41 more
... Removed 35 stack frames</div></td></tr></table><p class="totop"><a href="#summary">back to summary</a></p>
<h3 id="m1">com.deque.AttestCustomConfigTest#createHtmlXmlReports</h3><table class="result"><tr><th>Exception</th></tr><tr><td><div class="stacktrace">java.io.IOException: Cannot run program &quot;D:\Personal_Project\attest-java-testNG\src\test\resources\attest-reporter-macos&quot;: CreateProcess error=193, %1 is not a valid Win32 application
	at java.base/java.lang.ProcessBuilder.start(ProcessBuilder.java:1128)
	at java.base/java.lang.ProcessBuilder.start(ProcessBuilder.java:1071)
	at java.base/java.lang.Runtime.exec(Runtime.java:589)
	at java.base/java.lang.Runtime.exec(Runtime.java:413)
	at java.base/java.lang.Runtime.exec(Runtime.java:310)
	at com.deque.AttestCustomConfigTest.createHtmlXmlReports(AttestCustomConfigTest.java:58)
	at java.base/java.util.ArrayList.forEach(ArrayList.java:1540)
Caused by: java.io.IOException: CreateProcess error=193, %1 is not a valid Win32 application
	at java.base/java.lang.ProcessImpl.create(Native Method)
	at java.base/java.lang.ProcessImpl.&lt;init&gt;(ProcessImpl.java:478)
	at java.base/java.lang.ProcessImpl.start(ProcessImpl.java:154)
	at java.base/java.lang.ProcessBuilder.start(ProcessBuilder.java:1107)
	... 41 more
... Removed 35 stack frames</div></td></tr></table><p class="totop"><a href="#summary">back to summary</a></p>
<h3 id="m2">com.deque.AllegisFullTest#getAllViolations</h3><table class="result"><tr><th>Exception</th></tr><tr><td><div class="stacktrace">org.openqa.selenium.WebDriverException: chrome not reachable
  (Session info: chrome=85.0.4183.83)
Build info: version: &apos;3.8.1&apos;, revision: &apos;6e95a6684b&apos;, time: &apos;2017-12-01T18:33:54.468Z&apos;
System info: host: &apos;BSC-PG01M1L5&apos;, ip: &apos;192.168.43.4&apos;, os.name: &apos;Windows 10&apos;, os.arch: &apos;amd64&apos;, os.version: &apos;10.0&apos;, java.version: &apos;11.0.7&apos;
Driver info: org.openqa.selenium.chrome.ChromeDriver
Capabilities {acceptInsecureCerts: false, browserName: chrome, browserVersion: 85.0.4183.83, chrome: {chromedriverVersion: 85.0.4183.87 (cd6713ebf92fa..., userDataDir: C:\Users\ASIKAR~1\AppData\L...}, goog:chromeOptions: {debuggerAddress: localhost:62909}, javascriptEnabled: true, networkConnectionEnabled: false, pageLoadStrategy: normal, platform: WINDOWS, platformName: WINDOWS, proxy: Proxy(), setWindowRect: true, strictFileInteractability: false, timeouts: {implicit: 0, pageLoad: 300000, script: 30000}, unhandledPromptBehavior: dismiss and notify, webauthn:virtualAuthenticators: true}
Session ID: 0f7ba9c41edd1dd044f4c2a77f219538
	at org.openqa.selenium.remote.http.W3CHttpResponseCodec.createException(W3CHttpResponseCodec.java:187)
	at org.openqa.selenium.remote.http.W3CHttpResponseCodec.decode(W3CHttpResponseCodec.java:122)
	at org.openqa.selenium.remote.http.W3CHttpResponseCodec.decode(W3CHttpResponseCodec.java:49)
	at org.openqa.selenium.remote.HttpCommandExecutor.execute(HttpCommandExecutor.java:164)
	at org.openqa.selenium.remote.service.DriverCommandExecutor.execute(DriverCommandExecutor.java:83)
	at org.openqa.selenium.remote.RemoteWebDriver.execute(RemoteWebDriver.java:601)
	at org.openqa.selenium.remote.RemoteWebDriver.get(RemoteWebDriver.java:325)
	at com.deque.AllegisFullTest.getAllViolations(AllegisFullTest.java:58)
	at java.base/java.util.ArrayList.forEach(ArrayList.java:1540)
... Removed 41 stack frames</div></td></tr></table><p class="totop"><a href="#summary">back to summary</a></p>
<h3 id="m3">com.deque.ApplicationFullTest#auditTestPageForAccessibility</h3><table class="result"><tr><th>Exception</th></tr><tr><td><div class="stacktrace">org.openqa.selenium.WebDriverException: chrome not reachable
  (Session info: chrome=85.0.4183.83)
Build info: version: &apos;3.8.1&apos;, revision: &apos;6e95a6684b&apos;, time: &apos;2017-12-01T18:33:54.468Z&apos;
System info: host: &apos;BSC-PG01M1L5&apos;, ip: &apos;192.168.43.4&apos;, os.name: &apos;Windows 10&apos;, os.arch: &apos;amd64&apos;, os.version: &apos;10.0&apos;, java.version: &apos;11.0.7&apos;
Driver info: org.openqa.selenium.chrome.ChromeDriver
Capabilities {acceptInsecureCerts: false, browserName: chrome, browserVersion: 85.0.4183.83, chrome: {chromedriverVersion: 85.0.4183.87 (cd6713ebf92fa..., userDataDir: C:\Users\ASIKAR~1\AppData\L...}, goog:chromeOptions: {debuggerAddress: localhost:62923}, javascriptEnabled: true, networkConnectionEnabled: false, pageLoadStrategy: normal, platform: WINDOWS, platformName: WINDOWS, proxy: Proxy(), setWindowRect: true, strictFileInteractability: false, timeouts: {implicit: 0, pageLoad: 300000, script: 30000}, unhandledPromptBehavior: dismiss and notify, webauthn:virtualAuthenticators: true}
Session ID: 3343d4d3f4fead58104fc59f9bbabb57
	at org.openqa.selenium.remote.http.W3CHttpResponseCodec.createException(W3CHttpResponseCodec.java:187)
	at org.openqa.selenium.remote.http.W3CHttpResponseCodec.decode(W3CHttpResponseCodec.java:122)
	at org.openqa.selenium.remote.http.W3CHttpResponseCodec.decode(W3CHttpResponseCodec.java:49)
	at org.openqa.selenium.remote.HttpCommandExecutor.execute(HttpCommandExecutor.java:164)
	at org.openqa.selenium.remote.service.DriverCommandExecutor.execute(DriverCommandExecutor.java:83)
	at org.openqa.selenium.remote.RemoteWebDriver.execute(RemoteWebDriver.java:601)
	at org.openqa.selenium.remote.RemoteWebDriver.get(RemoteWebDriver.java:325)
	at com.deque.ApplicationFullTest.auditTestPageForAccessibility(ApplicationFullTest.java:57)
	at java.base/java.util.ArrayList.forEach(ArrayList.java:1540)
... Removed 41 stack frames</div></td></tr></table><p class="totop"><a href="#summary">back to summary</a></p>
<h3 id="m4">com.deque.AllegisAccessibilityTest#tearDown</h3><table class="result"><tr><th class="invisible"/></tr></table><p class="totop"><a href="#summary">back to summary</a></p>
<h3 id="m5">com.deque.AllegisFullTest#tearDown</h3><table class="result"><tr><th class="invisible"/></tr></table><p class="totop"><a href="#summary">back to summary</a></p>
<h3 id="m6">com.deque.ApplicationFullTest#tearDown</h3><table class="result"><tr><th class="invisible"/></tr></table><p class="totop"><a href="#summary">back to summary</a></p>
<h3 id="m7">com.deque.AttestCustomConfigTest#tearDown</h3><table class="result"><tr><th class="invisible"/></tr></table><p class="totop"><a href="#summary">back to summary</a></p>
<h3 id="m8">com.deque.AllegisAccessibilityTest#auditHomePageForAccessibility</h3><table class="result"><tr><th class="invisible"/></tr></table><p class="totop"><a href="#summary">back to summary</a></p>
<h3 id="m9">com.deque.AttestCustomConfigTest#auditHomePageForAccessibility</h3><table class="result"><tr><th class="invisible"/></tr></table><p class="totop"><a href="#summary">back to summary</a></p>
<h3 id="m10">com.deque.AttestCustomConfigTest#auditHomePageWithCertainChecks</h3><table class="result"><tr><th class="invisible"/></tr></table><p class="totop"><a href="#summary">back to summary</a></p>
<h3 id="m11">com.deque.AttestCustomConfigTest#auditHomePageWithExclusions</h3><table class="result"><tr><th class="invisible"/></tr></table><p class="totop"><a href="#summary">back to summary</a></p>
<h3 id="m12">com.deque.AttestCustomConfigTest#auditHomePageWithOptions</h3><table class="result"><tr><th class="invisible"/></tr></table><p class="totop"><a href="#summary">back to summary</a></p>
</body>
</html>
